info it worked if it ends with ok
verbose cli [ 'node',
verbose cli   '/home/jpic/bin/npm',
verbose cli   'install',
verbose cli   'node-o3-xml' ]
info using npm@1.0.8
info using node@v0.4.8
verbose /home/jpic/bin/node node symlink
verbose config file /home/jpic/.npmrc
verbose config file /home/jpic/etc/npmrc
silly testEngine { name: 'application-name',
silly testEngine   version: '0.0.1',
silly testEngine   private: true,
silly testEngine   dependencies: 
silly testEngine    { express: '2.3.11',
silly testEngine      sass: '>= 0.0.1',
silly testEngine      jade: '>= 0.0.1' },
silly testEngine   _id: 'application-name@0.0.1',
silly testEngine   devDependencies: {},
silly testEngine   engines: { node: '*' },
silly testEngine   _engineSupported: true,
silly testEngine   _npmVersion: '1.0.8',
silly testEngine   _nodeVersion: 'v0.4.8',
silly testEngine   _defaultsLoaded: true }
verbose caching /home/jpic/node/express_app/package.json
verbose loadDefaults application-name@0.0.1
silly testEngine { name: 'request',
silly testEngine   description: 'Simplified HTTP request client.',
silly testEngine   tags: [ 'http', 'simple', 'util', 'utility' ],
silly testEngine   version: '1.9.8',
silly testEngine   author: 
silly testEngine    { name: 'Mikeal Rogers',
silly testEngine      email: 'mikeal.rogers@gmail.com' },
silly testEngine   repository: 
silly testEngine    { type: 'git',
silly testEngine      url: 'git://github.com/mikeal/request.git' },
silly testEngine   bugs: { url: 'http://github.com/mikeal/request/issues' },
silly testEngine   engines: [ 'node >= 0.3.6', node: ' >= 0.3.6' ],
silly testEngine   main: './main',
silly testEngine   _id: 'request@1.9.8',
silly testEngine   dependencies: {},
silly testEngine   devDependencies: {},
silly testEngine   _engineSupported: true,
silly testEngine   _npmVersion: '1.0.8',
silly testEngine   _nodeVersion: 'v0.4.8',
silly testEngine   _defaultsLoaded: true }
verbose caching /home/jpic/node/express_app/node_modules/request/package.json
verbose loadDefaults request@1.9.8
silly testEngine { name: 'express',
silly testEngine   description: 'Sinatra inspired web development framework',
silly testEngine   version: '2.3.11',
silly testEngine   author: 
silly testEngine    { name: 'TJ Holowaychuk',
silly testEngine      email: 'tj@vision-media.ca' },
silly testEngine   contributors: 
silly testEngine    [ { name: 'TJ Holowaychuk',
silly testEngine        email: 'tj@vision-media.ca' },
silly testEngine      { name: 'Aaron Heckmann',
silly testEngine        email: 'aaron.heckmann+github@gmail.com' },
silly testEngine      { name: 'Ciaran Jessup', email: 'ciaranj@gmail.com' },
silly testEngine      { name: 'Guillermo Rauch', email: 'rauchg@gmail.com' } ],
silly testEngine   dependencies: 
silly testEngine    { connect: '>= 1.4.1 < 2.0.0',
silly testEngine      mime: '>= 0.0.1',
silly testEngine      qs: '>= 0.0.6' },
silly testEngine   devDependencies: 
silly testEngine    { 'connect-form': '0.2.1',
silly testEngine      ejs: '0.4.2',
silly testEngine      expresso: '0.7.2',
silly testEngine      hamljs: '0.5.1',
silly testEngine      jade: '0.11.0',
silly testEngine      stylus: '0.13.0',
silly testEngine      should: '0.2.1',
silly testEngine      'express-messages': '0.0.2',
silly testEngine      'node-markdown': '>= 0.0.1',
silly testEngine      'connect-redis': '>= 0.0.1' },
silly testEngine   keywords: [ 'framework', 'sinatra', 'web', 'rest', 'restful' ],
silly testEngine   repository: 
silly testEngine    { type: 'git',
silly testEngine      url: 'git://github.com/visionmedia/express.git' },
silly testEngine   main: 'index',
silly testEngine   bin: { express: './bin/express' },
silly testEngine   scripts: { test: 'make test', prepublish: 'npm prune' },
silly testEngine   engines: { node: '>= 0.4.1 < 0.5.0' },
silly testEngine   _id: 'express@2.3.11',
silly testEngine   _engineSupported: true,
silly testEngine   _npmVersion: '1.0.8',
silly testEngine   _nodeVersion: 'v0.4.8',
silly testEngine   _defaultsLoaded: true }
verbose caching /home/jpic/node/express_app/node_modules/express/package.json
verbose loadDefaults express@2.3.11
silly testEngine { name: 'sass',
silly testEngine   description: 'Syntactically Awesome Stylesheets (compiles to css)',
silly testEngine   version: '0.5.0',
silly testEngine   keywords: [ 'sass', 'template', 'css', 'view' ],
silly testEngine   author: 
silly testEngine    { name: 'TJ Holowaychuk',
silly testEngine      email: 'tj@vision-media.ca' },
silly testEngine   contributors: [ { name: 'Chris Pickel', email: 'sfiera@gmail.com' } ],
silly testEngine   main: './lib/sass.js',
silly testEngine   _id: 'sass@0.5.0',
silly testEngine   dependencies: {},
silly testEngine   devDependencies: {},
silly testEngine   engines: { node: '*' },
silly testEngine   _engineSupported: true,
silly testEngine   _npmVersion: '1.0.8',
silly testEngine   _nodeVersion: 'v0.4.8',
silly testEngine   _defaultsLoaded: true }
verbose caching /home/jpic/node/express_app/node_modules/sass/package.json
verbose loadDefaults sass@0.5.0
silly testEngine { name: 'xml2js',
silly testEngine   description: 'Simple XML to JavaScript object converter.',
silly testEngine   keywords: [ 'xml', 'json' ],
silly testEngine   homepage: 'https://github.com/Leonidas-from-XIV/node-xml2js',
silly testEngine   version: '0.1.9',
silly testEngine   author: 
silly testEngine    { name: 'Marek Kubica',
silly testEngine      email: 'marek@xivilization.net',
silly testEngine      url: 'http://xivilization.net' },
silly testEngine   contributors: 
silly testEngine    [ { name: 'maqr',
silly testEngine        email: 'maqr.lollerskates@gmail.com',
silly testEngine        url: 'https://github.com/maqr' },
silly testEngine      { name: 'Ben Weaver', url: 'http://benweaver.com/' },
silly testEngine      { name: 'Jae Kwon',
silly testEngine        url: 'https://github.com/jaekwon' },
silly testEngine      { name: 'Jim Robert' } ],
silly testEngine   main: './lib/xml2js',
silly testEngine   directories: { lib: './lib' },
silly testEngine   repository: 
silly testEngine    { type: 'git',
silly testEngine      url: 'git://github.com/Leonidas-from-XIV/node-xml2js.git' },
silly testEngine   dependencies: { sax: '>=0.1.1' },
silly testEngine   devDependencies: { 'coffee-script': '>=1.0.1', zap: '>=0.2.3' },
silly testEngine   _id: 'xml2js@0.1.9',
silly testEngine   engines: { node: '*' },
silly testEngine   _engineSupported: true,
silly testEngine   _npmVersion: '1.0.8',
silly testEngine   _nodeVersion: 'v0.4.8',
silly testEngine   _defaultsLoaded: true }
verbose caching /home/jpic/node/express_app/node_modules/xml2js/package.json
verbose loadDefaults xml2js@0.1.9
silly testEngine { name: 'jade',
silly testEngine   description: 'Jade template engine',
silly testEngine   version: '0.12.4',
silly testEngine   author: 
silly testEngine    { name: 'TJ Holowaychuk',
silly testEngine      email: 'tj@vision-media.ca' },
silly testEngine   repository: 
silly testEngine    { type: 'git',
silly testEngine      url: 'git://github.com/visionmedia/jade.git' },
silly testEngine   main: './index.js',
silly testEngine   bin: { jade: './bin/jade' },
silly testEngine   devDependencies: 
silly testEngine    { expresso: '0.6.4',
silly testEngine      'coffee-script': '>= 0.0.1',
silly testEngine      sass: '>= 0.0.1',
silly testEngine      less: '>= 0.0.1',
silly testEngine      markdown: '>= 0.0.1',
silly testEngine      stylus: '>= 0.0.1' },
silly testEngine   scripts: { prepublish: 'npm prune' },
silly testEngine   engines: { node: '>= 0.1.98' },
silly testEngine   _id: 'jade@0.12.4',
silly testEngine   dependencies: {},
silly testEngine   _engineSupported: true,
silly testEngine   _npmVersion: '1.0.8',
silly testEngine   _nodeVersion: 'v0.4.8',
silly testEngine   _defaultsLoaded: true }
verbose caching /home/jpic/node/express_app/node_modules/jade/package.json
verbose loadDefaults jade@0.12.4
verbose from cache /home/jpic/node/express_app/package.json
verbose into /home/jpic/node/express_app [ 'node-o3-xml' ]
verbose cache add [ 'node-o3-xml', null ]
info addNamed [ 'node-o3-xml', '' ]
verbose addNamed [ null, '' ]
verbose GET node-o3-xml
verbose raw, before any munging node-o3-xml
verbose url resolving [ 'http://registry.npmjs.org/', './node-o3-xml' ]
verbose url resolved http://registry.npmjs.org/node-o3-xml
verbose url parsed { protocol: 'http:',
verbose url parsed   slashes: true,
verbose url parsed   host: 'registry.npmjs.org',
verbose url parsed   hostname: 'registry.npmjs.org',
verbose url parsed   href: 'http://registry.npmjs.org/node-o3-xml',
verbose url parsed   pathname: '/node-o3-xml' }
verbose response http://registry.npmjs.org/node-o3-xml
silly chunk {"error":"not_found","reason":"document not found"}
silly chunk 
silly get cb [ 404,
silly get cb   { server: 'CouchDB/1.1.0 (Erlang OTP/R14B)',
silly get cb     date: 'Sat, 25 Jun 2011 17:16:52 GMT',
silly get cb     'content-type': 'application/json',
silly get cb     'content-length': '52',
silly get cb     'cache-control': 'must-revalidate' } ]
ERR! 404 'node-o3-xml' is not in the npm registry.
ERR! 404 You should bug the author to publish it.
ERR! 404 Note that you can also install from a tarball or folder.
ERR! 
ERR! System Linux 2.6.39-ARCH
ERR! command "node" "/home/jpic/bin/npm" "install" "node-o3-xml"
verbose exit [ 1, true ]
